cosmos1azng5u392gp6fpxh7jgd7sj7xznh45d99ecauz
cosmos1lwwyg050e5dg3sp5zz5r32aqkyyxmunmtzlex8
cosmos1yjgg4rlzu2dlkyq0n2ll35lkysns9dxrs2cy9r
cosmos1wtpjmtlddgj860qvtw03z2fvtlzjmudrk6jx8f
cosmos13gxgm3f6kaz0awma7xpxzcuxtnk0yxqggcdp52
cosmos1nt0t7n8d5yne507m2aqwrz59wcgnqv3vyvaaxc
cosmos1vddknjlz3jvunxemxe7rnjrjyku62crhkt2uqk
cosmos1w6fdhh6k44qfzpa7hu7p0qg6dd3z3s3t3l78le
cosmos1qwyq2r6mv5eyy0mf6cg49z58wqac5xvnn97eeh
cosmos1ccjrd54vy0zzwrr7w2g5zjjnd055y3mgerv305
cosmos1kcf2qj896cp536nxzmm6kjsmla0rvsy93lsma8
cosmos16wg5nusnm9389kyxrrvhdkm65e9up69qk0tnk0
cosmos1ssptfj6c00j26dek7l7h0vdsdevtstkpdjep33
cosmos14zg7984jcp9t4z00d6avfyk3t26rrug7wx0utd
cosmos1ueyse476k8cjmku2n0vmr3sy7qdermfg8l45dl
cosmos1rcd7fm6rfjehq5wjhfsermtyt0l707259whjd4

7
0
17
0
11
0
6
0
4
1
8
18
0
0
3
1
16
0
5
0
10
0
13
0
15
0
12
0
14
0
9
0
rm: cannot remove 'tmp_cosmos1ueyse476k8cjmku2n0vmr3sy7qdermfg8l45dl.txt': No such file or directory
rm: cannot remove 'tmp_cosmos13gxgm3f6kaz0awma7xpxzcuxtnk0yxqggcdp52.txt': No such file or directory
rm: cannot remove 'tmp_cosmos1azng5u392gp6fpxh7jgd7sj7xznh45d99ecauz.txt': No such file or directory
rm: cannot remove 'tmp_cosmos1lwwyg050e5dg3sp5zz5r32aqkyyxmunmtzlex8.txt': No such file or directory
rm: cannot remove 'tmp_cosmos1yjgg4rlzu2dlkyq0n2ll35lkysns9dxrs2cy9r.txt': No such file or directory
rm: cannot remove 'tmp_cosmos1wtpjmtlddgj860qvtw03z2fvtlzjmudrk6jx8f.txt': No such file or directory
rm: cannot remove 'tmp_cosmos1nt0t7n8d5yne507m2aqwrz59wcgnqv3vyvaaxc.txt': No such file or directory
rm: cannot remove 'tmp_cosmos1w6fdhh6k44qfzpa7hu7p0qg6dd3z3s3t3l78le.txt': No such file or directory
rm: cannot remove 'tmp_cosmos1qwyq2r6mv5eyy0mf6cg49z58wqac5xvnn97eeh.txt': No such file or directory
rm: cannot remove 'tmp_cosmos1vddknjlz3jvunxemxe7rnjrjyku62crhkt2uqk.txt': No such file or directory
rm: cannot remove 'tmp_cosmos16wg5nusnm9389kyxrrvhdkm65e9up69qk0tnk0.txt': No such file or directory
rm: cannot remove 'tmp_cosmos1kcf2qj896cp536nxzmm6kjsmla0rvsy93lsma8.txt': No such file or directory
rm: cannot remove 'tmp_cosmos14zg7984jcp9t4z00d6avfyk3t26rrug7wx0utd.txt': No such file or directory
rm: cannot remove 'tmp_cosmos1ccjrd54vy0zzwrr7w2g5zjjnd055y3mgerv305.txt': No such file or directory
rm: cannot remove 'tmp_cosmos1rcd7fm6rfjehq5wjhfsermtyt0l707259whjd4.txt': No such file or directory
rm: cannot remove 'tmp_cosmos1ssptfj6c00j26dek7l7h0vdsdevtstkpdjep33.txt': No such file or directory
